<html>
<head>
<title>TestNG:  Test</title>
<link href="../testng.css" rel="stylesheet" type="text/css" />
<link href="../my-testng.css" rel="stylesheet" type="text/css" />

<style type="text/css">
.log { display: none;} 
.stack-trace { display: none;} 
</style>
<script type="text/javascript">
<!--
function flip(e) {
  current = e.style.display;
  if (current == 'block') {
    e.style.display = 'none';
    return 0;
  }
  else {
    e.style.display = 'block';
    return 1;
  }
}

function toggleBox(szDivId, elem, msg1, msg2)
{
  var res = -1;  if (document.getElementById) {
    res = flip(document.getElementById(szDivId));
  }
  else if (document.all) {
    // this is the way old msie versions work
    res = flip(document.all[szDivId]);
  }
  if(elem) {
    if(res == 0) elem.innerHTML = msg1; else elem.innerHTML = msg2;
  }

}

function toggleAllBoxes() {
  if (document.getElementsByTagName) {
    d = document.getElementsByTagName('div');
    for (i = 0; i < d.length; i++) {
      if (d[i].className == 'log') {
        flip(d[i]);
      }
    }
  }
}

// -->
</script>

</head>
<body>
<h2 align='center'>Test</h2><table border='1' align="center">
<tr>
<td>Tests passed/Failed/Skipped:</td><td>0/1/2</td>
</tr><tr>
<td>Started on:</td><td>Tue Apr 30 12:52:11 IST 2024</td>
</tr>
<tr><td>Total time:</td><td>34 seconds (34724 ms)</td>
</tr><tr>
<td>Included groups:</td><td></td>
</tr><tr>
<td>Excluded groups:</td><td></td>
</tr>
</table><p/>
<small><i>(Hover the method name to see the test class name)</i></small><p/>
<table width='100%' border='1' class='invocation-failed'>
<tr><td colspan='4' align='center'><b>FAILED TESTS</b></td></tr>
<tr><td><b>Test method</b></td>
<td><b>Attribute(s)</b></td>
<td width="30%"><b>Exception</b></td>
<td width="10%"><b>Time (seconds)</b></td>
<td><b>Instance</b></td>
</tr>
<tr>
<td title='runner.CucumberRunnerTests.runScenario()'><b>runScenario</b><br>Test class: runner.CucumberRunnerTests<br>Test method: Runs Cucumber Scenarios<br>Parameters: "User Able to Login into the application", "Optional[Verify Home Page Feature]"</td>
<td><div><pre>java.lang.AssertionError: Login Successfully is not matching with expected : Login expected [Login] but found [Login Successfully]
	at definitions.sampledefinition.verify_the_home_page(sampledefinition.java:154)
	at ✽.Verify the Home Page(file:///C:/Users/hp/eclipse-workspace/MyProject/src/test/resources/features/VerifyHomePage.feature:9)
... Removed 4 stack frames</pre></div><a href='#' onClick='toggleBox("stack-trace283492252", this, "Click to show all stack frames", "Click to hide stack frames")'>Click to show all stack frames</a>
<div class='stack-trace' id='stack-trace283492252'><pre>java.lang.AssertionError: Login Successfully is not matching with expected : Login expected [Login] but found [Login Successfully]
	at org.testng.Assert.fail(Assert.java:111)
	at org.testng.Assert.failNotEquals(Assert.java:1578)
	at org.testng.Assert.assertEqualsImpl(Assert.java:150)
	at org.testng.Assert.assertEquals(Assert.java:132)
	at definitions.sampledefinition.verify_the_home_page(sampledefinition.java:154)
	at ✽.Verify the Home Page(file:///C:/Users/hp/eclipse-workspace/MyProject/src/test/resources/features/VerifyHomePage.feature:9)
</pre></div></td>
<td>10</td>
<td>runner.CucumberRunnerTests@72d6b3ba</td></tr>
</table><p>
<table width='100%' border='1' class='invocation-skipped'>
<tr><td colspan='4' align='center'><b>SKIPPED TESTS</b></td></tr>
<tr><td><b>Test method</b></td>
<td><b>Attribute(s)</b></td>
<td width="30%"><b>Exception</b></td>
<td width="10%"><b>Time (seconds)</b></td>
<td><b>Instance</b></td>
</tr>
<tr>
<td title='runner.CucumberRunnerTests.runScenario()'><b>runScenario</b><br>Test class: runner.CucumberRunnerTests<br>Test method: Runs Cucumber Scenarios<br>Parameters: "User Able to Login into the application", "Optional[Verify Home Page Feature]"</td>
<td><div><pre>java.lang.AssertionError: Login Successfully is not matching with expected : Login expected [Login] but found [Login Successfully]
	at definitions.sampledefinition.verify_the_home_page(sampledefinition.java:154)
	at ✽.Verify the Home Page(file:///C:/Users/hp/eclipse-workspace/MyProject/src/test/resources/features/VerifyHomePage.feature:9)
... Removed 4 stack frames</pre></div><a href='#' onClick='toggleBox("stack-trace843410864", this, "Click to show all stack frames", "Click to hide stack frames")'>Click to show all stack frames</a>
<div class='stack-trace' id='stack-trace843410864'><pre>java.lang.AssertionError: Login Successfully is not matching with expected : Login expected [Login] but found [Login Successfully]
	at org.testng.Assert.fail(Assert.java:111)
	at org.testng.Assert.failNotEquals(Assert.java:1578)
	at org.testng.Assert.assertEqualsImpl(Assert.java:150)
	at org.testng.Assert.assertEquals(Assert.java:132)
	at definitions.sampledefinition.verify_the_home_page(sampledefinition.java:154)
	at ✽.Verify the Home Page(file:///C:/Users/hp/eclipse-workspace/MyProject/src/test/resources/features/VerifyHomePage.feature:9)
</pre></div></td>
<td>12</td>
<td>runner.CucumberRunnerTests@72d6b3ba</td></tr>
<tr>
<td title='runner.CucumberRunnerTests.runScenario()'><b>runScenario</b><br>Test class: runner.CucumberRunnerTests<br>Test method: Runs Cucumber Scenarios<br>Parameters: "User Able to Login into the application", "Optional[Verify Home Page Feature]"</td>
<td><div><pre>java.lang.AssertionError: Login Successfully is not matching with expected : Login expected [Login] but found [Login Successfully]
	at definitions.sampledefinition.verify_the_home_page(sampledefinition.java:154)
	at ✽.Verify the Home Page(file:///C:/Users/hp/eclipse-workspace/MyProject/src/test/resources/features/VerifyHomePage.feature:9)
... Removed 4 stack frames</pre></div><a href='#' onClick='toggleBox("stack-trace65567135", this, "Click to show all stack frames", "Click to hide stack frames")'>Click to show all stack frames</a>
<div class='stack-trace' id='stack-trace65567135'><pre>java.lang.AssertionError: Login Successfully is not matching with expected : Login expected [Login] but found [Login Successfully]
	at org.testng.Assert.fail(Assert.java:111)
	at org.testng.Assert.failNotEquals(Assert.java:1578)
	at org.testng.Assert.assertEqualsImpl(Assert.java:150)
	at org.testng.Assert.assertEquals(Assert.java:132)
	at definitions.sampledefinition.verify_the_home_page(sampledefinition.java:154)
	at ✽.Verify the Home Page(file:///C:/Users/hp/eclipse-workspace/MyProject/src/test/resources/features/VerifyHomePage.feature:9)
</pre></div></td>
<td>10</td>
<td>runner.CucumberRunnerTests@72d6b3ba</td></tr>
</table><p>
</body>
</html>